

CUDA Availability: True
preprocessing data data/VAST/vast_train.csv ...
processing BERT
...finished pre-processing for BERT
preprocessing data data/VAST/vast_dev.csv ...
processing BERT
...finished pre-processing for BERT
[tganet_t7] epoch 0
	took: 4 min (Finished at 20240608 - 13:32:03)
training loss: 208.79767370224
Evaling on "DEV" data
f_macro: 0.4680624585818631
p_macro: 0.5241894942033446
r_macro: 0.47937922474199807
f-1_macro: 0.47185122130237317
p-1_macro: 0.5207993980484545
r-1_macro: 0.483504592216395
f-0_macro: 0.46332512248963553
p-0_macro: 0.5276182397864363
r-0_macro: 0.47423374205198243
0.46332512248963553 0.46332512248963553
[tganet_t7] epoch 1
	took: 4 min (Finished at 20240608 - 13:36:23)
training loss: 199.19534933567047
Evaling on "DEV" data
f_macro: 0.534585443253169
p_macro: 0.5513686632354186
r_macro: 0.5319493126874368
f-1_macro: 0.526742525994245
p-1_macro: 0.5412154391283248
r-1_macro: 0.5251676684834724
f-0_macro: 0.5387870655177012
p-0_macro: 0.5581787777439952
r-0_macro: 0.5363351902153063
0.5387870655177012 0.46332512248963553
[tganet_t7] epoch 2
	took: 4 min (Finished at 20240608 - 13:40:42)
training loss: 169.2550928592682
Evaling on "DEV" data
f_macro: 0.6214039465980278
p_macro: 0.6270793857938649
r_macro: 0.6218458587276325
f-1_macro: 0.6076443128610619
p-1_macro: 0.6244598424164988
r-1_macro: 0.6115585130280667
f-0_macro: 0.6302315194919738
p-0_macro: 0.6331675565370588
r-0_macro: 0.6280823984981252
0.6302315194919738 0.5387870655177012
[tganet_t7] epoch 3
	took: 4 min (Finished at 20240608 - 13:45:01)
training loss: 161.385009765625
Evaling on "DEV" data
f_macro: 0.6297252260128883
p_macro: 0.6453178537916912
r_macro: 0.6237933746112783
f-1_macro: 0.6186470954427534
p-1_macro: 0.6406387014846823
r-1_macro: 0.613714659188468
f-0_macro: 0.636881702191514
p-0_macro: 0.6500857436715504
r-0_macro: 0.6303665679398841
0.636881702191514 0.6302315194919738
[tganet_t7] epoch 4
	took: 4 min (Finished at 20240608 - 13:49:20)
training loss: 157.21128916740417
Evaling on "DEV" data
f_macro: 0.6528670129678392
p_macro: 0.6679527059605332
r_macro: 0.647615972540935
f-1_macro: 0.6625251337589818
p-1_macro: 0.6831950628245135
r-1_macro: 0.6587658176165975
f-0_macro: 0.6386281574137147
p-0_macro: 0.6529719801441651
r-0_macro: 0.6320828281898214
0.6386281574137147 0.636881702191514
[tganet_t7] epoch 5
	took: 4 min (Finished at 20240608 - 13:53:39)
training loss: 155.07454997301102
Evaling on "DEV" data
f_macro: 0.6393599574537584
p_macro: 0.6508137639580479
r_macro: 0.6351642109752703
f-1_macro: 0.6368642256561619
p-1_macro: 0.6632862872639552
r-1_macro: 0.6354274418371153
f-0_macro: 0.6336951474491773
p-0_macro: 0.6417395183304969
r-0_macro: 0.6292112599685916
0.6336951474491773 0.6386281574137147
[tganet_t7] epoch 6
	took: 4 min (Finished at 20240608 - 13:57:58)
training loss: 151.37756806612015
Evaling on "DEV" data
f_macro: 0.6207887285935221
p_macro: 0.6717560714512515
r_macro: 0.6309163698102614
f-1_macro: 0.6496489052363746
p-1_macro: 0.6783042243249856
r-1_macro: 0.6518180449035071
f-0_macro: 0.5765488377234324
p-0_macro: 0.6622583436203694
r-0_macro: 0.6040342423358859
0.5765488377234324 0.6386281574137147
[tganet_t7] epoch 7
	took: 4 min (Finished at 20240608 - 14:02:17)
training loss: 149.68758416175842
Evaling on "DEV" data
f_macro: 0.6133738860238797
p_macro: 0.6734884470279213
r_macro: 0.6159706528371913
f-1_macro: 0.5746766636792212
p-1_macro: 0.6638218182544743
r-1_macro: 0.5901979549338128
f-0_macro: 0.6403421765581095
p-0_macro: 0.6813655044319834
r-0_macro: 0.637302405761961
0.6403421765581095 0.6386281574137147
[tganet_t7] epoch 8
	took: 4 min (Finished at 20240608 - 14:06:36)
training loss: 147.14404019713402
Evaling on "DEV" data
f_macro: 0.6424017857142857
p_macro: 0.6493323716516978
r_macro: 0.6412557257258357
f-1_macro: 0.6381329532521555
p-1_macro: 0.6583988761591127
r-1_macro: 0.6418301887152152
f-0_macro: 0.6397097605935622
p-0_macro: 0.64564597979252
r-0_macro: 0.6358187928732563
0.6397097605935622 0.6403421765581095
[tganet_t7] epoch 9
	took: 4 min (Finished at 20240608 - 14:10:55)
training loss: 143.98365187644958
Evaling on "DEV" data
f_macro: 0.6226336584859544
p_macro: 0.6559860313784025
r_macro: 0.6308592371417184
f-1_macro: 0.6236138445524653
p-1_macro: 0.6648176316252153
r-1_macro: 0.6324302525162983
f-0_macro: 0.6207823577024617
p-0_macro: 0.6495016802184038
r-0_macro: 0.6282228156059931
[tganet_t7] epoch 10
	took: 4 min (Finished at 20240608 - 14:15:14)
training loss: 141.92929419875145
Evaling on "DEV" data
f_macro: 0.6474418808870012
p_macro: 0.6592581433592978
r_macro: 0.6427523743307063
f-1_macro: 0.6555828146532794
p-1_macro: 0.6622216104361983
r-1_macro: 0.6517816007590042
f-0_macro: 0.6315168997076247
p-0_macro: 0.6584188963955367
r-0_macro: 0.628254786714342
[tganet_t7] epoch 11
	took: 4 min (Finished at 20240608 - 14:19:33)
training loss: 137.84876120090485
Evaling on "DEV" data
f_macro: 0.6153558096081126
p_macro: 0.6672641636283406
r_macro: 0.6196452052967223
f-1_macro: 0.5794859045956934
p-1_macro: 0.6602193808752511
r-1_macro: 0.5960900071871539
f-0_macro: 0.6406838997639225
p-0_macro: 0.6749966808106342
r-0_macro: 0.6392564287504667
0.6406838997639225 0.6403421765581095
[tganet_t7] epoch 12
	took: 4 min (Finished at 20240608 - 14:23:52)
training loss: 135.3236487209797
Evaling on "DEV" data
f_macro: 0.6217621186385495
p_macro: 0.6417157942310948
r_macro: 0.6206290582475026
f-1_macro: 0.5998618403800847
p-1_macro: 0.6426939047028662
r-1_macro: 0.6033728150194358
f-0_macro: 0.6362818368120874
p-0_macro: 0.643697867641996
r-0_macro: 0.6332193115725181
[tganet_t7] epoch 13
	took: 4 min (Finished at 20240608 - 14:28:11)
training loss: 132.5155673623085
Evaling on "DEV" data
f_macro: 0.64793526430774
p_macro: 0.66057403993758
r_macro: 0.6420012101813576
f-1_macro: 0.6422347272511949
p-1_macro: 0.6574269036971422
r-1_macro: 0.6384051222610494
f-0_macro: 0.6484194175407587
p-0_macro: 0.664327155297039
r-0_macro: 0.641461923688801
0.6484194175407587 0.6406838997639225
[tganet_t7] epoch 14
	took: 4 min (Finished at 20240608 - 14:32:31)
training loss: 129.575194388628
Evaling on "DEV" data
f_macro: 0.6503877860138991
p_macro: 0.6583603194160469
r_macro: 0.6480077697718736
f-1_macro: 0.6530427667124359
p-1_macro: 0.6705264666102049
r-1_macro: 0.6537359219796637
f-0_macro: 0.6424459805729329
p-0_macro: 0.6492815587675356
r-0_macro: 0.6379980970796311
0.6424459805729329 0.6484194175407587
[tganet_t7] epoch 15
	took: 4 min (Finished at 20240608 - 14:36:50)
training loss: 124.77864822745323
Evaling on "DEV" data
f_macro: 0.6469214471965968
p_macro: 0.6509651991856797
r_macro: 0.6440622675799369
f-1_macro: 0.651887789473195
p-1_macro: 0.6602984714316343
r-1_macro: 0.6513004395538754
f-0_macro: 0.6363918255269052
p-0_macro: 0.6468313995102175
r-0_macro: 0.6322737852257672
[tganet_t7] epoch 16
	took: 4 min (Finished at 20240608 - 14:41:09)
training loss: 122.23294514417648
Evaling on "DEV" data
f_macro: 0.6437675251743199
p_macro: 0.6463809241020645
r_macro: 0.647960003669994
f-1_macro: 0.6486566066743537
p-1_macro: 0.6465609481390467
r-1_macro: 0.6523979897575115
f-0_macro: 0.6314678039778848
p-0_macro: 0.6488231020131607
r-0_macro: 0.6387290333471448
[tganet_t7] epoch 17
	took: 4 min (Finished at 20240608 - 14:45:28)
training loss: 118.90131270885468
Evaling on "DEV" data
f_macro: 0.6265263313660469
p_macro: 0.6338563153531064
r_macro: 0.6248238694295308
f-1_macro: 0.6226766797151155
p-1_macro: 0.6318479327244572
r-1_macro: 0.6245378552033152
f-0_macro: 0.6272437967046297
p-0_macro: 0.6369636617562087
r-0_macro: 0.6224247911647202
[tganet_t7] epoch 18
	took: 4 min (Finished at 20240608 - 14:49:47)
training loss: 116.02810728549957
Evaling on "DEV" data
f_macro: 0.6379571430168828
p_macro: 0.6481346981846556
r_macro: 0.6426643729574278
f-1_macro: 0.6474067357635542
p-1_macro: 0.6466527718927332
r-1_macro: 0.6506275414786473
f-0_macro: 0.6205298496886021
p-0_macro: 0.6539802036253834
r-0_macro: 0.6297701149425287
[tganet_t7] epoch 19
	took: 4 min (Finished at 20240608 - 14:54:06)
training loss: 112.15841510891914
Evaling on "DEV" data
f_macro: 0.6254216435460767
p_macro: 0.6489634569672877
r_macro: 0.6217689703344663
f-1_macro: 0.6169266616398225
p-1_macro: 0.649861518489398
r-1_macro: 0.6157693845038353
f-0_macro: 0.6301281707806031
p-0_macro: 0.6489268507108643
r-0_macro: 0.6248547488605497
[tganet_t7] epoch 20
	took: 4 min (Finished at 20240608 - 14:58:25)
training loss: 109.63890650868416
Evaling on "DEV" data
f_macro: 0.5778439536847623
p_macro: 0.6446026579646335
r_macro: 0.5942415919001505
f-1_macro: 0.5432740983977622
p-1_macro: 0.6295505993937728
r-1_macro: 0.5704439259017781
f-0_macro: 0.6055591911740402
p-0_macro: 0.6542447959375409
r-0_macro: 0.6155872197412643
[tganet_t7] epoch 21
	took: 4 min (Finished at 20240608 - 15:02:44)
training loss: 107.73862573504448
Evaling on "DEV" data
f_macro: 0.6271080983724662
p_macro: 0.6393413232108194
r_macro: 0.6323882452169495
f-1_macro: 0.5964554145921328
p-1_macro: 0.6199228000164768
r-1_macro: 0.6085639926768557
f-0_macro: 0.6525143040570028
p-0_macro: 0.6578886275899957
r-0_macro: 0.653934543631611
0.6525143040570028 0.6484194175407587
[tganet_t7] epoch 22
	took: 4 min (Finished at 20240608 - 15:07:03)
training loss: 102.75197944045067
Evaling on "DEV" data
f_macro: 0.6122794590726272
p_macro: 0.644327273732323
r_macro: 0.6157773707618012
f-1_macro: 0.584665219734534
p-1_macro: 0.6398234124564528
r-1_macro: 0.5982912080963828
f-0_macro: 0.630850961018573
p-0_macro: 0.648551993962864
r-0_macro: 0.6293267651888342
[tganet_t7] epoch 23
	took: 4 min (Finished at 20240608 - 15:11:22)
training loss: 100.08535051345825
Evaling on "DEV" data
f_macro: 0.6325220833761913
p_macro: 0.6417413312133587
r_macro: 0.6272195883104115
f-1_macro: 0.6324979302941807
p-1_macro: 0.6428091636947015
r-1_macro: 0.6286267484133929
f-0_macro: 0.6284426124849664
p-0_macro: 0.6405147809407515
r-0_macro: 0.6224257119326407
[tganet_t7] epoch 24
	took: 4 min (Finished at 20240608 - 15:15:41)
training loss: 97.59309947490692
Evaling on "DEV" data
f_macro: 0.6227566565206383
p_macro: 0.6363518419065332
r_macro: 0.6209424085575762
f-1_macro: 0.627459688507729
p-1_macro: 0.6497266322437585
r-1_macro: 0.6287504901054307
f-0_macro: 0.6142779312519914
p-0_macro: 0.625178863689502
r-0_macro: 0.6099413777757315
[tganet_t7] epoch 25
	took: 4 min (Finished at 20240608 - 15:20:01)
training loss: 95.38361096382141
Evaling on "DEV" data
f_macro: 0.6309690435200773
p_macro: 0.6385400972794811
r_macro: 0.6315091370318785
f-1_macro: 0.6185465871803383
p-1_macro: 0.6373455539244088
r-1_macro: 0.6227350456679763
f-0_macro: 0.6383604486540119
p-0_macro: 0.6413235566617853
r-0_macro: 0.636851280634716
[tganet_t7] epoch 26
	took: 4 min (Finished at 20240608 - 15:24:20)
training loss: 92.85592463612556
Evaling on "DEV" data
f_macro: 0.6446072800641649
p_macro: 0.651861130011065
r_macro: 0.6426854592827739
f-1_macro: 0.6434716497939258
p-1_macro: 0.647554492153422
r-1_macro: 0.6407699881993415
f-0_macro: 0.6394501030837625
p-0_macro: 0.6612773151944107
r-0_macro: 0.6398186598734455
[tganet_t7] epoch 27
	took: 4 min (Finished at 20240608 - 15:28:39)
training loss: 89.56608262658119
Evaling on "DEV" data
f_macro: 0.6053763632674726
p_macro: 0.6277799717115872
r_macro: 0.6126683174493488
f-1_macro: 0.5906387129555327
p-1_macro: 0.6205210291532471
r-1_macro: 0.6021244998064997
f-0_macro: 0.6170068544230434
p-0_macro: 0.63353940439104
r-0_macro: 0.6214068822286676
[tganet_t7] epoch 28
	took: 4 min (Finished at 20240608 - 15:32:58)
training loss: 88.93916738033295
Evaling on "DEV" data
f_macro: 0.6381238507066987
p_macro: 0.6392920761051433
r_macro: 0.6390762479430052
f-1_macro: 0.6173474202430073
p-1_macro: 0.6252547979141306
r-1_macro: 0.6219232340794374
f-0_macro: 0.654500770475853
p-0_macro: 0.6563348286174373
r-0_macro: 0.6531133721078936
0.654500770475853 0.6525143040570028
[tganet_t7] epoch 29
	took: 4 min (Finished at 20240608 - 15:37:17)
training loss: 85.24287894368172
Evaling on "DEV" data
f_macro: 0.621466239294671
p_macro: 0.6240386611288083
r_macro: 0.6196550061566772
f-1_macro: 0.6173624145539338
p-1_macro: 0.6241295536922778
r-1_macro: 0.6176814152656165
f-0_macro: 0.6205447980703968
p-0_macro: 0.6260963344296678
r-0_macro: 0.6178269365539749
[tganet_t7] epoch 30
	took: 4 min (Finished at 20240608 - 15:41:36)
training loss: 82.9359487593174
Evaling on "DEV" data
f_macro: 0.6025915476454368
p_macro: 0.6287981205554117
r_macro: 0.6007490364202296
f-1_macro: 0.586577012617839
p-1_macro: 0.6245796320283867
r-1_macro: 0.5866650176247314
f-0_macro: 0.615535442000608
p-0_macro: 0.6334063648375242
r-0_macro: 0.6126787184956699
[tganet_t7] epoch 31
	took: 4 min (Finished at 20240608 - 15:45:55)
training loss: 82.93536457419395
Evaling on "DEV" data
f_macro: 0.5612597375882767
p_macro: 0.6163381778457961
r_macro: 0.5814056347761961
f-1_macro: 0.5235724728228058
p-1_macro: 0.5866220501087871
r-1_macro: 0.5525784947138516
f-0_macro: 0.5937520558915139
p-0_macro: 0.6371542717017685
r-0_macro: 0.6085450843781491
[tganet_t7] epoch 32
	took: 4 min (Finished at 20240608 - 15:50:15)
training loss: 80.1963599473238
Evaling on "DEV" data
f_macro: 0.5927315565384784
p_macro: 0.6332717164251752
r_macro: 0.5970560803974584
f-1_macro: 0.5647347984321837
p-1_macro: 0.6186184835648227
r-1_macro: 0.578830384439653
f-0_macro: 0.6135617673145505
p-0_macro: 0.6449989613890029
r-0_macro: 0.6121928599563147
[tganet_t7] epoch 33
	took: 4 min (Finished at 20240608 - 15:54:34)
training loss: 78.07849891483784
Evaling on "DEV" data
f_macro: 0.620834094533463
p_macro: 0.6327388734271651
r_macro: 0.6166156368969026
f-1_macro: 0.6150954685111372
p-1_macro: 0.6337096271229937
r-1_macro: 0.6130491166663807
f-0_macro: 0.6224690080091203
p-0_macro: 0.6328905936178907
r-0_macro: 0.6168721002204728
[tganet_t7] epoch 34
	took: 4 min (Finished at 20240608 - 15:58:53)
training loss: 77.01012335717678
Evaling on "DEV" data
f_macro: 0.6479944816979546
p_macro: 0.6590529509985801
r_macro: 0.6424867562414752
f-1_macro: 0.6623365426714299
p-1_macro: 0.6709356045557748
r-1_macro: 0.6576683627333045
f-0_macro: 0.6316287379658233
p-0_macro: 0.6466888972104828
r-0_macro: 0.6251306723140432
[tganet_t7] epoch 35
	took: 4 min (Finished at 20240608 - 16:03:12)
training loss: 75.47125346958637
Evaling on "DEV" data
f_macro: 0.6384541291604334
p_macro: 0.6551837446515613
r_macro: 0.6308538346563755
f-1_macro: 0.632668906123279
p-1_macro: 0.6504370229851936
r-1_macro: 0.6251786462096501
f-0_macro: 0.6395422286937401
p-0_macro: 0.6622321685360943
r-0_macro: 0.6327392334095524
[tganet_t7] epoch 36
	took: 4 min (Finished at 20240608 - 16:07:31)
training loss: 72.54527589678764
Evaling on "DEV" data
f_macro: 0.63005686768128
p_macro: 0.6358669418445985
r_macro: 0.6261239802993721
f-1_macro: 0.6293623464525829
p-1_macro: 0.6387205387205387
r-1_macro: 0.6273850897377483
f-0_macro: 0.6243279514146162
p-0_macro: 0.6357640112810942
r-0_macro: 0.620215562000931
[tganet_t7] epoch 37
	took: 4 min (Finished at 20240608 - 16:11:50)
training loss: 73.17989365756512
Evaling on "DEV" data
f_macro: 0.6397679866557983
p_macro: 0.6479299983272466
r_macro: 0.6350575103497019
f-1_macro: 0.6238366567921472
p-1_macro: 0.6354135752617462
r-1_macro: 0.6200015759630055
f-0_macro: 0.6510355536075986
p-0_macro: 0.6629528336145843
r-0_macro: 0.6463541171114487
0.6510355536075986 0.654500770475853
[tganet_t7] epoch 38
	took: 4 min (Finished at 20240608 - 16:16:09)
training loss: 71.65563245117664
Evaling on "DEV" data
f_macro: 0.6129322474914259
p_macro: 0.6294647687656872
r_macro: 0.6114552562036578
f-1_macro: 0.6054497092009744
p-1_macro: 0.6275497773672033
r-1_macro: 0.6041767626796709
f-0_macro: 0.6191743365490208
p-0_macro: 0.6319092158106109
r-0_macro: 0.6172153420397056
[tganet_t7] epoch 39
	took: 4 min (Finished at 20240608 - 16:20:28)
training loss: 68.79453918337822
Evaling on "DEV" data
f_macro: 0.6410074407792838
p_macro: 0.6477856973995012
r_macro: 0.6389018868866921
f-1_macro: 0.6401777726151678
p-1_macro: 0.6546101578912427
r-1_macro: 0.639972188701235
f-0_macro: 0.6376263947514095
p-0_macro: 0.6429599902831771
r-0_macro: 0.6341557325476114
[tganet_t7] epoch 40
	took: 4 min (Finished at 20240608 - 16:24:47)
training loss: 67.97890843451023
Evaling on "DEV" data
f_macro: 0.6314670977065119
p_macro: 0.6426020253830447
r_macro: 0.6287552093480319
f-1_macro: 0.6166754421066672
p-1_macro: 0.6319782315258871
r-1_macro: 0.6158149476278262
f-0_macro: 0.6437764925694561
p-0_macro: 0.6536514824346696
r-0_macro: 0.6398198364102328
0.6437764925694561 0.654500770475853
[tganet_t7] epoch 41
	took: 4 min (Finished at 20240608 - 16:29:07)
training loss: 67.62707656621933
Evaling on "DEV" data
f_macro: 0.6310264580520443
p_macro: 0.6312043577663191
r_macro: 0.630856640622252
f-1_macro: 0.63458523746099
p-1_macro: 0.6372832736469101
r-1_macro: 0.637109528157947
f-0_macro: 0.6218119803687349
p-0_macro: 0.6288417964211016
r-0_macro: 0.6203234964627166
[tganet_t7] epoch 42
	took: 4 min (Finished at 20240608 - 16:33:26)
training loss: 65.90128995478153
Evaling on "DEV" data
f_macro: 0.6027603198460448
p_macro: 0.6316950702580413
r_macro: 0.605530571678925
f-1_macro: 0.5954625107992934
p-1_macro: 0.6318732471737936
r-1_macro: 0.6012534148512908
f-0_macro: 0.6077273409364965
p-0_macro: 0.6323053009412671
r-0_macro: 0.6081048550046294
[tganet_t7] epoch 43
	took: 4 min (Finished at 20240608 - 16:37:45)
training loss: 66.79792411625385
Evaling on "DEV" data
f_macro: 0.643713885128902
p_macro: 0.6489531820710571
r_macro: 0.6407852936882819
f-1_macro: 0.6417050300316047
p-1_macro: 0.6474854936093468
r-1_macro: 0.6395910820828893
f-0_macro: 0.6443954428490728
p-0_macro: 0.6510042484860126
r-0_macro: 0.6403111684033372
0.6443954428490728 0.654500770475853
[tganet_t7] epoch 44
	took: 4 min (Finished at 20240608 - 16:42:04)
training loss: 63.64448870718479
Evaling on "DEV" data
f_macro: 0.6091643212174697
p_macro: 0.6306355089912833
r_macro: 0.605693902917671
f-1_macro: 0.6024444036910785
p-1_macro: 0.6362538406147761
r-1_macro: 0.5999220915062584
f-0_macro: 0.613284465679493
p-0_macro: 0.6273160152437485
r-0_macro: 0.6086443738522372
[tganet_t7] epoch 45
	took: 4 min (Finished at 20240608 - 16:46:23)
training loss: 61.605885311961174
Evaling on "DEV" data
f_macro: 0.6142527544641717
p_macro: 0.6337895729468235
r_macro: 0.6123909087592669
f-1_macro: 0.62096603009311
p-1_macro: 0.6454281119213406
r-1_macro: 0.6186011453692424
f-0_macro: 0.6066826857248566
p-0_macro: 0.6229092064573164
r-0_macro: 0.6047428755582156
[tganet_t7] epoch 46
	took: 4 min (Finished at 20240608 - 16:50:42)
training loss: 62.470836356282234
Evaling on "DEV" data
f_macro: 0.6379171505320321
p_macro: 0.6451413522385119
r_macro: 0.6344591003953893
f-1_macro: 0.6327802704127721
p-1_macro: 0.6455415162679449
r-1_macro: 0.6293501503837279
f-0_macro: 0.6406023913787279
p-0_macro: 0.6460172649533819
r-0_macro: 0.6369542020267125
[tganet_t7] epoch 47
	took: 4 min (Finished at 20240608 - 16:55:01)
training loss: 62.909670010209084
Evaling on "DEV" data
f_macro: 0.6452449997371231
p_macro: 0.6567441048300157
r_macro: 0.6395831051753506
f-1_macro: 0.6475382921931653
p-1_macro: 0.6616476843805811
r-1_macro: 0.6418117442288298
f-0_macro: 0.6405197568232835
p-0_macro: 0.6543789132176254
r-0_macro: 0.6343595803344434
[tganet_t7] epoch 48
	took: 4 min (Finished at 20240608 - 16:59:20)
training loss: 59.79633741080761
Evaling on "DEV" data
f_macro: 0.626678241513321
p_macro: 0.6393652369960411
r_macro: 0.6254177608855551
f-1_macro: 0.6164482201167226
p-1_macro: 0.6351302249238314
r-1_macro: 0.6158543149295169
f-0_macro: 0.6356460105903047
p-0_macro: 0.6452293842643363
r-0_macro: 0.6334386589526776
[tganet_t7] epoch 49
	took: 4 min (Finished at 20240608 - 17:03:39)
training loss: 60.57647252082825
Evaling on "DEV" data
f_macro: 0.6253465304079743
p_macro: 0.6326787364479051
r_macro: 0.6237822955122029
f-1_macro: 0.6218496660995938
p-1_macro: 0.6355290074759236
r-1_macro: 0.620354404212905
f-0_macro: 0.6273283490367687
p-0_macro: 0.6315963771661762
r-0_macro: 0.6253202481981084
TRAINED for 49 epochs
/content/zero-shot-stance/venv/lib/python3.11/site-packages/sklearn/metrics/_classification.py:1517: UndefinedMetricWarning: F-score is ill-defined and being set to 0.0 in labels with no true nor predicted samples. Use `zero_division` parameter to control this behavior.
  _warn_prf(average, modifier, f"{metric.capitalize()} is", len(result))
/content/zero-shot-stance/venv/lib/python3.11/site-packages/sklearn/metrics/_classification.py:1517: UndefinedMetricWarning: Precision is ill-defined and being set to 0.0 in labels with no predicted samples. Use `zero_division` parameter to control this behavior.
  _warn_prf(average, modifier, f"{metric.capitalize()} is", len(result))
/content/zero-shot-stance/venv/lib/python3.11/site-packages/sklearn/metrics/_classification.py:1517: UndefinedMetricWarning: Recall is ill-defined and being set to 0.0 in labels with no true samples. Use `zero_division` parameter to control this behavior.
  _warn_prf(average, modifier, f"{metric.capitalize()} is", len(result))
Evaling on "TRAIN" data
f_macro: 0.9460431196041915
p_macro: 0.9457471173801437
r_macro: 0.9464932227939551
f-1_macro: 0.9460431196041915
p-1_macro: 0.9457471173801437
r-1_macro: 0.9464932227939551
f-0_macro: 0.0
p-0_macro: 0.0
r-0_macro: 0.0
Evaling on "DEV" data
f_macro: 0.6253465304079743
p_macro: 0.6326787364479051
r_macro: 0.6237822955122029
f-1_macro: 0.6218496660995938
p-1_macro: 0.6355290074759236
r-1_macro: 0.620354404212905
f-0_macro: 0.6273283490367687
p-0_macro: 0.6315963771661762
r-0_macro: 0.6253202481981084
[tganet_t7] total runtime: 218.12 minutes

